app/build/intermediates/manifest_merge_blame_file/debug/processDebugMainManifest/manifest-merger-blame-debug-report.txt
1<?xml version="1.0" encoding="utf-8"?>
2<manifest xmlns:android="http://schemas.android.com/apk/res/android"
3    package="com.example.myrecipebook"
4    android:versionCode="1"
5    android:versionName="1.0" >
6
7    <uses-sdk
8        android:minSdkVersion="28"
9        android:targetSdkVersion="35" />
10
11    <!-- Permissions -->
12    <uses-feature
12-->src/main/AndroidManifest.xml:6:5-8:36
13        android:name="android.hardware.telephony"
13-->src/main/AndroidManifest.xml:7:9-50
14        android:required="false" />
14-->src/main/AndroidManifest.xml:8:9-33
15
16    <uses-permission android:name="android.permission.INTERNET" />
16-->src/main/AndroidManifest.xml:9:5-67
16-->src/main/AndroidManifest.xml:9:22-64
17    <uses-permission android:name="android.permission.ACCESS_NETWORK_STATE" />
17-->src/main/AndroidManifest.xml:10:5-79
17-->src/main/AndroidManifest.xml:10:22-76
18    <uses-permission
18-->src/main/AndroidManifest.xml:11:5-14:40
19        android:name="android.permission.WRITE_EXTERNAL_STORAGE"
19-->src/main/AndroidManifest.xml:12:9-65
20        android:maxSdkVersion="32" />
20-->src/main/AndroidManifest.xml:13:9-35
21    <uses-permission
21-->src/main/AndroidManifest.xml:15:5-18:40
22        android:name="android.permission.READ_EXTERNAL_STORAGE"
22-->src/main/AndroidManifest.xml:16:9-64
23        android:maxSdkVersion="32" /> <!-- Added maxSdkVersion for consistency -->
23-->src/main/AndroidManifest.xml:17:9-35
24    <uses-permission android:name="android.permission.ACCESS_FINE_LOCATION" />
24-->src/main/AndroidManifest.xml:19:5-79
24-->src/main/AndroidManifest.xml:19:22-76
25    <!-- Removed ACCESS_BACKGROUND_LOCATION unless specifically needed -->
26    <uses-permission android:name="android.permission.ACCESS_COARSE_LOCATION" />
26-->src/main/AndroidManifest.xml:21:5-81
26-->src/main/AndroidManifest.xml:21:22-78
27
28    <uses-feature
28-->[com.google.android.gms:play-services-maps:19.1.0] AndroidManifest.xml:22:5-24:33
29        android:glEsVersion="0x00020000"
29-->[com.google.android.gms:play-services-maps:19.1.0] AndroidManifest.xml:23:8-40
30        android:required="true" />
30-->[com.google.android.gms:play-services-maps:19.1.0] AndroidManifest.xml:24:8-31
31
32    <queries>
32-->[com.google.android.gms:play-services-maps:19.1.0] AndroidManifest.xml:27:5-30:15
33
34        <!-- Needs to be explicitly declared on Android R+ -->
35        <package android:name="com.google.android.apps.maps" />
35-->[com.google.android.gms:play-services-maps:19.1.0] AndroidManifest.xml:29:7-61
35-->[com.google.android.gms:play-services-maps:19.1.0] AndroidManifest.xml:29:16-59
36    </queries>
37
38    <uses-permission android:name="com.google.android.providers.gsf.permission.READ_GSERVICES" />
38-->[com.google.android.recaptcha:recaptcha:18.4.0] AndroidManifest.xml:9:5-98
38-->[com.google.android.recaptcha:recaptcha:18.4.0] AndroidManifest.xml:9:22-95
39
40    <permission
40-->[androidx.core:core:1.13.0] AndroidManifest.xml:22:5-24:47
41        android:name="com.example.myrecipebook.DYNAMIC_RECEIVER_NOT_EXPORTED_PERMISSION"
41-->[androidx.core:core:1.13.0] AndroidManifest.xml:23:9-81
42        android:protectionLevel="signature" />
42-->[androidx.core:core:1.13.0] AndroidManifest.xml:24:9-44
43
44    <uses-permission android:name="com.example.myrecipebook.DYNAMIC_RECEIVER_NOT_EXPORTED_PERMISSION" /> <!-- Removed SEND_SMS as feature is disabled -->
44-->[androidx.core:core:1.13.0] AndroidManifest.xml:26:5-97
44-->[androidx.core:core:1.13.0] AndroidManifest.xml:26:22-94
45    <!-- Removed READ_PHONE_STATE unless specifically needed -->
46    <!-- Removed C2DM and GSF permissions unless using older GCM/FCM -->
47    <application
47-->src/main/AndroidManifest.xml:26:5-108:19
48        android:allowBackup="true"
48-->src/main/AndroidManifest.xml:27:9-35
49        android:appComponentFactory="androidx.core.app.CoreComponentFactory"
49-->[androidx.core:core:1.13.0] AndroidManifest.xml:28:18-86
50        android:dataExtractionRules="@xml/data_extraction_rules"
50-->src/main/AndroidManifest.xml:28:9-65
51        android:debuggable="true"
52        android:extractNativeLibs="false"
53        android:fullBackupContent="@xml/backup_rules"
53-->src/main/AndroidManifest.xml:29:9-54
54        android:icon="@mipmap/ic_launcher_foreground"
54-->src/main/AndroidManifest.xml:30:9-54
55        android:label="@string/app_name"
55-->src/main/AndroidManifest.xml:31:9-41
56        android:requestLegacyExternalStorage="true"
56-->src/main/AndroidManifest.xml:32:9-52
57        android:roundIcon="@mipmap/ic_launcher_foreground"
57-->src/main/AndroidManifest.xml:33:9-59
58        android:supportsRtl="true"
58-->src/main/AndroidManifest.xml:34:9-35
59        android:testOnly="true"
60        android:theme="@style/Theme.MyRecipeBook"
60-->src/main/AndroidManifest.xml:35:9-50
61        android:usesCleartextTraffic="true" >
61-->src/main/AndroidManifest.xml:36:9-44
62
63        <!-- Google Maps API Key -->
64        <meta-data
64-->src/main/AndroidManifest.xml:40:9-42:71
65            android:name="com.google.android.geo.API_KEY"
65-->src/main/AndroidManifest.xml:41:13-58
66            android:value="AIzaSyBMue71xAtav3u3Y6sg7EYA0i1tdhBx7wg" /> <!-- Remember to replace this -->
66-->src/main/AndroidManifest.xml:42:13-68
67
68
69        <!-- Activities -->
70        <activity
70-->src/main/AndroidManifest.xml:45:9-53:20
71            android:name="com.example.myrecipebook.activities.WelcomeActivity"
71-->src/main/AndroidManifest.xml:46:13-55
72            android:exported="true"
72-->src/main/AndroidManifest.xml:47:13-36
73            android:launchMode="standard" >
73-->src/main/AndroidManifest.xml:48:13-42
74            <intent-filter>
74-->src/main/AndroidManifest.xml:49:13-52:29
75                <action android:name="android.intent.action.MAIN" />
75-->src/main/AndroidManifest.xml:50:17-69
75-->src/main/AndroidManifest.xml:50:25-66
76
77                <category android:name="android.intent.category.LAUNCHER" />
77-->src/main/AndroidManifest.xml:51:17-77
77-->src/main/AndroidManifest.xml:51:27-74
78            </intent-filter>
79        </activity>
80        <activity
80-->src/main/AndroidManifest.xml:54:9-57:69
81            android:name="com.example.myrecipebook.MainActivity"
81-->src/main/AndroidManifest.xml:55:13-41
82            android:exported="true"
82-->src/main/AndroidManifest.xml:56:13-36
83            android:theme="@style/Theme.MyRecipeBook.NoActionBar" />
83-->src/main/AndroidManifest.xml:57:13-66
84        <activity
84-->src/main/AndroidManifest.xml:58:10-60:39
85            android:name="com.example.myrecipebook.activities.RegisterActivity"
85-->src/main/AndroidManifest.xml:59:13-56
86            android:exported="true" />
86-->src/main/AndroidManifest.xml:60:13-36
87        <activity
87-->src/main/AndroidManifest.xml:61:9-63:39
88            android:name="com.example.myrecipebook.activities.LoginActivity"
88-->src/main/AndroidManifest.xml:62:13-53
89            android:exported="true" />
89-->src/main/AndroidManifest.xml:63:13-36
90        <activity
90-->src/main/AndroidManifest.xml:64:10-66:39
91            android:name="com.example.myrecipebook.activities.ProfileActivity"
91-->src/main/AndroidManifest.xml:65:13-55
92            android:exported="true" /> <!-- Assuming accessible from outside MainActivity? -->
92-->src/main/AndroidManifest.xml:66:13-36
93        <activity
93-->src/main/AndroidManifest.xml:67:9-69:39
94            android:name="com.example.myrecipebook.activities.UploadRecipeActivity"
94-->src/main/AndroidManifest.xml:68:13-60
95            android:exported="true" /> <!-- Assuming accessible from outside MainActivity? -->
95-->src/main/AndroidManifest.xml:69:13-36
96        <activity
96-->src/main/AndroidManifest.xml:70:9-72:40
97            android:name="com.example.myrecipebook.activities.AllRecipesActivity"
97-->src/main/AndroidManifest.xml:71:13-58
98            android:exported="false" />
98-->src/main/AndroidManifest.xml:72:13-37
99        <activity
99-->src/main/AndroidManifest.xml:73:9-75:40
100            android:name="com.example.myrecipebook.activities.MyRecipesActivity"
100-->src/main/AndroidManifest.xml:74:13-57
101            android:exported="false" /> <!-- Added Declaration -->
101-->src/main/AndroidManifest.xml:75:13-37
102        <activity
102-->src/main/AndroidManifest.xml:76:9-78:40
103            android:name="com.example.myrecipebook.activities.DailyMealPlanActivity"
103-->src/main/AndroidManifest.xml:77:13-61
104            android:exported="false" />
104-->src/main/AndroidManifest.xml:78:13-37
105        <activity
105-->src/main/AndroidManifest.xml:79:9-81:40
106            android:name="com.example.myrecipebook.activities.GroceryListActivity"
106-->src/main/AndroidManifest.xml:80:13-59
107            android:exported="false" />
107-->src/main/AndroidManifest.xml:81:13-37
108        <activity
108-->src/main/AndroidManifest.xml:82:9-84:39
109            android:name="com.example.myrecipebook.activities.DelegationActivity"
109-->src/main/AndroidManifest.xml:83:13-58
110            android:exported="true" /> <!-- Assuming accessible from outside MainActivity? -->
110-->src/main/AndroidManifest.xml:84:13-36
111        <activity
111-->src/main/AndroidManifest.xml:85:10-87:40
112            android:name="com.example.myrecipebook.activities.MapDetailActivity"
112-->src/main/AndroidManifest.xml:86:13-57
113            android:exported="false" />
113-->src/main/AndroidManifest.xml:87:13-37
114        <activity
114-->src/main/AndroidManifest.xml:88:10-90:40
115            android:name="com.example.myrecipebook.activities.SettingsActivity"
115-->src/main/AndroidManifest.xml:89:13-56
116            android:exported="false" />
116-->src/main/AndroidManifest.xml:90:13-37
117        <activity
117-->src/main/AndroidManifest.xml:91:10-94:63
118            android:name="com.example.myrecipebook.activities.SavedLocationsActivity"
118-->src/main/AndroidManifest.xml:92:13-62
119            android:exported="false"
119-->src/main/AndroidManifest.xml:93:13-37
120            android:parentActivityName="com.example.myrecipebook.ui.map.MapFragment" />
120-->src/main/AndroidManifest.xml:94:13-61
121
122        <!-- Remove declarations for non-activity classes -->
123        <!--
124        <activity
125            android:name=".category.CategoeryFragment" tools:ignore="Instantiatable" />
126        <activity
127            android:name=".ui.dailymeal.DailyMealFragment" tools:ignore="Instantiatable" />
128        <activity
129            android:name=".models.DailyMealItem" tools:ignore="Instantiatable" />
130        <activity
131            android:name=".adapters.DailyMealAdapter" tools:ignore="Instantiatable" />
132        -->
133
134        <activity
134-->[com.google.android.gms:play-services-auth:21.3.0] AndroidManifest.xml:23:9-27:75
135            android:name="com.google.android.gms.auth.api.signin.internal.SignInHubActivity"
135-->[com.google.android.gms:play-services-auth:21.3.0] AndroidManifest.xml:24:13-93
136            android:excludeFromRecents="true"
136-->[com.google.android.gms:play-services-auth:21.3.0] AndroidManifest.xml:25:13-46
137            android:exported="false"
137-->[com.google.android.gms:play-services-auth:21.3.0] AndroidManifest.xml:26:13-37
138            android:theme="@android:style/Theme.Translucent.NoTitleBar" />
138-->[com.google.android.gms:play-services-auth:21.3.0] AndroidManifest.xml:27:13-72
139        <!--
140            Service handling Google Sign-In user revocation. For apps that do not integrate with
141            Google Sign-In, this service will never be started.
142        -->
143        <service
143-->[com.google.android.gms:play-services-auth:21.3.0] AndroidManifest.xml:33:9-37:51
144            android:name="com.google.android.gms.auth.api.signin.RevocationBoundService"
144-->[com.google.android.gms:play-services-auth:21.3.0] AndroidManifest.xml:34:13-89
145            android:exported="true"
145-->[com.google.android.gms:play-services-auth:21.3.0] AndroidManifest.xml:35:13-36
146            android:permission="com.google.android.gms.auth.api.signin.permission.REVOCATION_NOTIFICATION"
146-->[com.google.android.gms:play-services-auth:21.3.0] AndroidManifest.xml:36:13-107
147            android:visibleToInstantApps="true" />
147-->[com.google.android.gms:play-services-auth:21.3.0] AndroidManifest.xml:37:13-48
148        <service
148-->[com.google.firebase:firebase-database:20.3.0] AndroidManifest.xml:26:9-35:19
149            android:name="com.google.firebase.components.ComponentDiscoveryService"
149-->[com.google.firebase:firebase-database:20.3.0] AndroidManifest.xml:27:13-84
150            android:directBootAware="true"
150-->[com.google.firebase:firebase-common:21.0.0] AndroidManifest.xml:32:13-43
151            android:exported="false" >
151-->[com.google.firebase:firebase-database:20.3.0] AndroidManifest.xml:28:13-37
152            <meta-data
152-->[com.google.firebase:firebase-database:20.3.0] AndroidManifest.xml:29:13-31:85
153                android:name="com.google.firebase.components:com.google.firebase.database.FirebaseDatabaseKtxRegistrar"
153-->[com.google.firebase:firebase-database:20.3.0] AndroidManifest.xml:30:17-120
154                android:value="com.google.firebase.components.ComponentRegistrar" />
154-->[com.google.firebase:firebase-database:20.3.0] AndroidManifest.xml:31:17-82
155            <meta-data
155-->[com.google.firebase:firebase-database:20.3.0] AndroidManifest.xml:32:13-34:85
156                android:name="com.google.firebase.components:com.google.firebase.database.DatabaseRegistrar"
156-->[com.google.firebase:firebase-database:20.3.0] AndroidManifest.xml:33:17-109
157                android:value="com.google.firebase.components.ComponentRegistrar" />
157-->[com.google.firebase:firebase-database:20.3.0] AndroidManifest.xml:34:17-82
158            <meta-data
158-->[com.google.firebase:firebase-storage:20.3.0] AndroidManifest.xml:30:13-32:85
159                android:name="com.google.firebase.components:com.google.firebase.storage.FirebaseStorageKtxRegistrar"
159-->[com.google.firebase:firebase-storage:20.3.0] AndroidManifest.xml:31:17-118
160                android:value="com.google.firebase.components.ComponentRegistrar" />
160-->[com.google.firebase:firebase-storage:20.3.0] AndroidManifest.xml:32:17-82
161            <meta-data
161-->[com.google.firebase:firebase-storage:20.3.0] AndroidManifest.xml:33:13-35:85
162                android:name="com.google.firebase.components:com.google.firebase.storage.StorageRegistrar"
162-->[com.google.firebase:firebase-storage:20.3.0] AndroidManifest.xml:34:17-107
163                android:value="com.google.firebase.components.ComponentRegistrar" />
163-->[com.google.firebase:firebase-storage:20.3.0] AndroidManifest.xml:35:17-82
164            <meta-data
164-->[com.google.firebase:firebase-firestore:25.1.0] AndroidManifest.xml:17:13-19:85
165                android:name="com.google.firebase.components:com.google.firebase.firestore.FirebaseFirestoreKtxRegistrar"
165-->[com.google.firebase:firebase-firestore:25.1.0] AndroidManifest.xml:18:17-122
166                android:value="com.google.firebase.components.ComponentRegistrar" />
166-->[com.google.firebase:firebase-firestore:25.1.0] AndroidManifest.xml:19:17-82
167            <meta-data
167-->[com.google.firebase:firebase-firestore:25.1.0] AndroidManifest.xml:20:13-22:85
168                android:name="com.google.firebase.components:com.google.firebase.firestore.FirestoreRegistrar"
168-->[com.google.firebase:firebase-firestore:25.1.0] AndroidManifest.xml:21:17-111
169                android:value="com.google.firebase.components.ComponentRegistrar" />
169-->[com.google.firebase:firebase-firestore:25.1.0] AndroidManifest.xml:22:17-82
170            <meta-data
170-->[com.google.firebase:firebase-appcheck:18.0.0] AndroidManifest.xml:25:13-27:85
171                android:name="com.google.firebase.components:com.google.firebase.appcheck.FirebaseAppCheckKtxRegistrar"
171-->[com.google.firebase:firebase-appcheck:18.0.0] AndroidManifest.xml:26:17-120
172                android:value="com.google.firebase.components.ComponentRegistrar" />
172-->[com.google.firebase:firebase-appcheck:18.0.0] AndroidManifest.xml:27:17-82
173            <meta-data
173-->[com.google.firebase:firebase-appcheck:18.0.0] AndroidManifest.xml:28:13-30:85
174                android:name="com.google.firebase.components:com.google.firebase.appcheck.FirebaseAppCheckRegistrar"
174-->[com.google.firebase:firebase-appcheck:18.0.0] AndroidManifest.xml:29:17-117
175                android:value="com.google.firebase.components.ComponentRegistrar" />
175-->[com.google.firebase:firebase-appcheck:18.0.0] AndroidManifest.xml:30:17-82
176            <meta-data
176-->[com.google.firebase:firebase-auth:22.3.1] AndroidManifest.xml:69:13-71:85
177                android:name="com.google.firebase.components:com.google.firebase.auth.FirebaseAuthRegistrar"
177-->[com.google.firebase:firebase-auth:22.3.1] AndroidManifest.xml:70:17-109
178                android:value="com.google.firebase.components.ComponentRegistrar" />
178-->[com.google.firebase:firebase-auth:22.3.1] AndroidManifest.xml:71:17-82
179            <meta-data
179-->[com.google.firebase:firebase-common-ktx:21.0.0] AndroidManifest.xml:12:13-14:85
180                android:name="com.google.firebase.components:com.google.firebase.ktx.FirebaseCommonLegacyRegistrar"
180-->[com.google.firebase:firebase-common-ktx:21.0.0] AndroidManifest.xml:13:17-116
181                android:value="com.google.firebase.components.ComponentRegistrar" />
181-->[com.google.firebase:firebase-common-ktx:21.0.0] AndroidManifest.xml:14:17-82
182            <meta-data
182-->[com.google.firebase:firebase-common:21.0.0] AndroidManifest.xml:35:13-37:85
183                android:name="com.google.firebase.components:com.google.firebase.FirebaseCommonKtxRegistrar"
183-->[com.google.firebase:firebase-common:21.0.0] AndroidManifest.xml:36:17-109
184                android:value="com.google.firebase.components.ComponentRegistrar" />
184-->[com.google.firebase:firebase-common:21.0.0] AndroidManifest.xml:37:17-82
185        </service> <!-- Needs to be explicitly declared on P+ -->
186        <uses-library
186-->[com.google.android.gms:play-services-maps:19.1.0] AndroidManifest.xml:33:7-86
187            android:name="org.apache.http.legacy"
187-->[com.google.android.gms:play-services-maps:19.1.0] AndroidManifest.xml:33:21-58
188            android:required="false" />
188-->[com.google.android.gms:play-services-maps:19.1.0] AndroidManifest.xml:33:59-83
189
190        <activity
190-->[com.google.firebase:firebase-auth:22.3.1] AndroidManifest.xml:29:9-46:20
191            android:name="com.google.firebase.auth.internal.GenericIdpActivity"
191-->[com.google.firebase:firebase-auth:22.3.1] AndroidManifest.xml:30:13-80
192            android:excludeFromRecents="true"
192-->[com.google.firebase:firebase-auth:22.3.1] AndroidManifest.xml:31:13-46
193            android:exported="true"
193-->[com.google.firebase:firebase-auth:22.3.1] AndroidManifest.xml:32:13-36
194            android:launchMode="singleTask"
194-->[com.google.firebase:firebase-auth:22.3.1] AndroidManifest.xml:33:13-44
195            android:theme="@android:style/Theme.Translucent.NoTitleBar" >
195-->[com.google.firebase:firebase-auth:22.3.1] AndroidManifest.xml:34:13-72
196            <intent-filter>
196-->[com.google.firebase:firebase-auth:22.3.1] AndroidManifest.xml:35:13-45:29
197                <action android:name="android.intent.action.VIEW" />
197-->[com.google.firebase:firebase-auth:22.3.1] AndroidManifest.xml:36:17-69
197-->[com.google.firebase:firebase-auth:22.3.1] AndroidManifest.xml:36:25-66
198
199                <category android:name="android.intent.category.DEFAULT" />
199-->[com.google.firebase:firebase-auth:22.3.1] AndroidManifest.xml:38:17-76
199-->[com.google.firebase:firebase-auth:22.3.1] AndroidManifest.xml:38:27-73
200                <category android:name="android.intent.category.BROWSABLE" />
200-->[com.google.firebase:firebase-auth:22.3.1] AndroidManifest.xml:39:17-78
200-->[com.google.firebase:firebase-auth:22.3.1] AndroidManifest.xml:39:27-75
201
202                <data
202-->[com.google.firebase:firebase-auth:22.3.1] AndroidManifest.xml:41:17-44:51
203                    android:host="firebase.auth"
203-->[com.google.firebase:firebase-auth:22.3.1] AndroidManifest.xml:42:21-49
204                    android:path="/"
204-->[com.google.firebase:firebase-auth:22.3.1] AndroidManifest.xml:43:21-37
205                    android:scheme="genericidp" />
205-->[com.google.firebase:firebase-auth:22.3.1] AndroidManifest.xml:44:21-48
206            </intent-filter>
207        </activity>
208        <activity
208-->[com.google.firebase:firebase-auth:22.3.1] AndroidManifest.xml:47:9-64:20
209            android:name="com.google.firebase.auth.internal.RecaptchaActivity"
209-->[com.google.firebase:firebase-auth:22.3.1] AndroidManifest.xml:48:13-79
210            android:excludeFromRecents="true"
210-->[com.google.firebase:firebase-auth:22.3.1] AndroidManifest.xml:49:13-46
211            android:exported="true"
211-->[com.google.firebase:firebase-auth:22.3.1] AndroidManifest.xml:50:13-36
212            android:launchMode="singleTask"
212-->[com.google.firebase:firebase-auth:22.3.1] AndroidManifest.xml:51:13-44
213            android:theme="@android:style/Theme.Translucent.NoTitleBar" >
213-->[com.google.firebase:firebase-auth:22.3.1] AndroidManifest.xml:52:13-72
214            <intent-filter>
214-->[com.google.firebase:firebase-auth:22.3.1] AndroidManifest.xml:53:13-63:29
215                <action android:name="android.intent.action.VIEW" />
215-->[com.google.firebase:firebase-auth:22.3.1] AndroidManifest.xml:36:17-69
215-->[com.google.firebase:firebase-auth:22.3.1] AndroidManifest.xml:36:25-66
216
217                <category android:name="android.intent.category.DEFAULT" />
217-->[com.google.firebase:firebase-auth:22.3.1] AndroidManifest.xml:38:17-76
217-->[com.google.firebase:firebase-auth:22.3.1] AndroidManifest.xml:38:27-73
218                <category android:name="android.intent.category.BROWSABLE" />
218-->[com.google.firebase:firebase-auth:22.3.1] AndroidManifest.xml:39:17-78
218-->[com.google.firebase:firebase-auth:22.3.1] AndroidManifest.xml:39:27-75
219
220                <data
220-->[com.google.firebase:firebase-auth:22.3.1] AndroidManifest.xml:41:17-44:51
221                    android:host="firebase.auth"
221-->[com.google.firebase:firebase-auth:22.3.1] AndroidManifest.xml:42:21-49
222                    android:path="/"
222-->[com.google.firebase:firebase-auth:22.3.1] AndroidManifest.xml:43:21-37
223                    android:scheme="recaptcha" />
223-->[com.google.firebase:firebase-auth:22.3.1] AndroidManifest.xml:44:21-48
224            </intent-filter>
225        </activity>
226        <activity
226-->[com.google.android.gms:play-services-base:18.5.0] AndroidManifest.xml:5:9-173
227            android:name="com.google.android.gms.common.api.GoogleApiActivity"
227-->[com.google.android.gms:play-services-base:18.5.0] AndroidManifest.xml:5:19-85
228            android:exported="false"
228-->[com.google.android.gms:play-services-base:18.5.0] AndroidManifest.xml:5:146-170
229            android:theme="@android:style/Theme.Translucent.NoTitleBar" />
229-->[com.google.android.gms:play-services-base:18.5.0] AndroidManifest.xml:5:86-145
230
231        <provider
231-->[com.google.firebase:firebase-common:21.0.0] AndroidManifest.xml:23:9-28:39
232            android:name="com.google.firebase.provider.FirebaseInitProvider"
232-->[com.google.firebase:firebase-common:21.0.0] AndroidManifest.xml:24:13-77
233            android:authorities="com.example.myrecipebook.firebaseinitprovider"
233-->[com.google.firebase:firebase-common:21.0.0] AndroidManifest.xml:25:13-72
234            android:directBootAware="true"
234-->[com.google.firebase:firebase-common:21.0.0] AndroidManifest.xml:26:13-43
235            android:exported="false"
235-->[com.google.firebase:firebase-common:21.0.0] AndroidManifest.xml:27:13-37
236            android:initOrder="100" />
236-->[com.google.firebase:firebase-common:21.0.0] AndroidManifest.xml:28:13-36
237        <provider
237-->[androidx.emoji2:emoji2:1.3.0] AndroidManifest.xml:24:9-32:20
238            android:name="androidx.startup.InitializationProvider"
238-->[androidx.emoji2:emoji2:1.3.0] AndroidManifest.xml:25:13-67
239            android:authorities="com.example.myrecipebook.androidx-startup"
239-->[androidx.emoji2:emoji2:1.3.0] AndroidManifest.xml:26:13-68
240            android:exported="false" >
240-->[androidx.emoji2:emoji2:1.3.0] AndroidManifest.xml:27:13-37
241            <meta-data
241-->[androidx.emoji2:emoji2:1.3.0] AndroidManifest.xml:29:13-31:52
242                android:name="androidx.emoji2.text.EmojiCompatInitializer"
242-->[androidx.emoji2:emoji2:1.3.0] AndroidManifest.xml:30:17-75
243                android:value="androidx.startup" />
243-->[androidx.emoji2:emoji2:1.3.0] AndroidManifest.xml:31:17-49
244            <meta-data
244-->[androidx.lifecycle:lifecycle-process:2.8.7] AndroidManifest.xml:29:13-31:52
245                android:name="androidx.lifecycle.ProcessLifecycleInitializer"
245-->[androidx.lifecycle:lifecycle-process:2.8.7] AndroidManifest.xml:30:17-78
246                android:value="androidx.startup" />
246-->[androidx.lifecycle:lifecycle-process:2.8.7] AndroidManifest.xml:31:17-49
247            <meta-data
247-->[androidx.profileinstaller:profileinstaller:1.4.0] AndroidManifest.xml:29:13-31:52
248                android:name="androidx.profileinstaller.ProfileInstallerInitializer"
248-->[androidx.profileinstaller:profileinstaller:1.4.0] AndroidManifest.xml:30:17-85
249                android:value="androidx.startup" />
249-->[androidx.profileinstaller:profileinstaller:1.4.0] AndroidManifest.xml:31:17-49
250        </provider>
251
252        <uses-library
252-->[androidx.window:window:1.0.0] AndroidManifest.xml:25:9-27:40
253            android:name="androidx.window.extensions"
253-->[androidx.window:window:1.0.0] AndroidManifest.xml:26:13-54
254            android:required="false" />
254-->[androidx.window:window:1.0.0] AndroidManifest.xml:27:13-37
255        <uses-library
255-->[androidx.window:window:1.0.0] AndroidManifest.xml:28:9-30:40
256            android:name="androidx.window.sidecar"
256-->[androidx.window:window:1.0.0] AndroidManifest.xml:29:13-51
257            android:required="false" />
257-->[androidx.window:window:1.0.0] AndroidManifest.xml:30:13-37
258
259        <meta-data
259-->[com.google.android.gms:play-services-basement:18.4.0] AndroidManifest.xml:6:9-122
260            android:name="com.google.android.gms.version"
260-->[com.google.android.gms:play-services-basement:18.4.0] AndroidManifest.xml:6:20-65
261            android:value="@integer/google_play_services_version" />
261-->[com.google.android.gms:play-services-basement:18.4.0] AndroidManifest.xml:6:66-119
262
263        <provider
263-->[com.squareup.picasso:picasso:2.71828] AndroidManifest.xml:8:9-11:40
264            android:name="com.squareup.picasso.PicassoProvider"
264-->[com.squareup.picasso:picasso:2.71828] AndroidManifest.xml:9:13-64
265            android:authorities="com.example.myrecipebook.com.squareup.picasso"
265-->[com.squareup.picasso:picasso:2.71828] AndroidManifest.xml:10:13-72
266            android:exported="false" />
266-->[com.squareup.picasso:picasso:2.71828] AndroidManifest.xml:11:13-37
267
268        <service
268-->[androidx.room:room-runtime:2.6.1] AndroidManifest.xml:24:9-28:63
269            android:name="androidx.room.MultiInstanceInvalidationService"
269-->[androidx.room:room-runtime:2.6.1] AndroidManifest.xml:25:13-74
270            android:directBootAware="true"
270-->[androidx.room:room-runtime:2.6.1] AndroidManifest.xml:26:13-43
271            android:exported="false" />
271-->[androidx.room:room-runtime:2.6.1] AndroidManifest.xml:27:13-37
272
273        <receiver
273-->[androidx.profileinstaller:profileinstaller:1.4.0] AndroidManifest.xml:34:9-52:20
274            android:name="androidx.profileinstaller.ProfileInstallReceiver"
274-->[androidx.profileinstaller:profileinstaller:1.4.0] AndroidManifest.xml:35:13-76
275            android:directBootAware="false"
275-->[androidx.profileinstaller:profileinstaller:1.4.0] AndroidManifest.xml:36:13-44
276            android:enabled="true"
276-->[androidx.profileinstaller:profileinstaller:1.4.0] AndroidManifest.xml:37:13-35
277            android:exported="true"
277-->[androidx.profileinstaller:profileinstaller:1.4.0] AndroidManifest.xml:38:13-36
278            android:permission="android.permission.DUMP" >
278-->[androidx.profileinstaller:profileinstaller:1.4.0] AndroidManifest.xml:39:13-57
279            <intent-filter>
279-->[androidx.profileinstaller:profileinstaller:1.4.0] AndroidManifest.xml:40:13-42:29
280                <action android:name="androidx.profileinstaller.action.INSTALL_PROFILE" />
280-->[androidx.profileinstaller:profileinstaller:1.4.0] AndroidManifest.xml:41:17-91
280-->[androidx.profileinstaller:profileinstaller:1.4.0] AndroidManifest.xml:41:25-88
281            </intent-filter>
282            <intent-filter>
282-->[androidx.profileinstaller:profileinstaller:1.4.0] AndroidManifest.xml:43:13-45:29
283                <action android:name="androidx.profileinstaller.action.SKIP_FILE" />
283-->[androidx.profileinstaller:profileinstaller:1.4.0] AndroidManifest.xml:44:17-85
283-->[androidx.profileinstaller:profileinstaller:1.4.0] AndroidManifest.xml:44:25-82
284            </intent-filter>
285            <intent-filter>
285-->[androidx.profileinstaller:profileinstaller:1.4.0] AndroidManifest.xml:46:13-48:29
286                <action android:name="androidx.profileinstaller.action.SAVE_PROFILE" />